<?xml version="1.0" encoding="UTF-8"?>
<testng-results skipped="0" failed="0" ignored="0" total="1" passed="1">
  <reporter-output>
  </reporter-output>
  <suite name="Default suite" duration-ms="83914" started-at="2023-02-02T17:26:06 IST" finished-at="2023-02-02T17:27:30 IST">
    <groups>
    </groups>
    <test name="Default test" duration-ms="83914" started-at="2023-02-02T17:26:06 IST" finished-at="2023-02-02T17:27:30 IST">
      <class name="com.YouTube.TestClass.TestClassYoutube">
        <test-method status="PASS" signature="SetupBrowser()[pri:0, instance:com.YouTube.TestClass.TestClassYoutube@51e2adc7]" name="SetupBrowser" is-config="true" duration-ms="56329" started-at="2023-02-02T17:26:06 IST" finished-at="2023-02-02T17:27:03 IST">
          <reporter-output>
          </reporter-output>
        </test-method> <!-- SetupBrowser -->
        <test-method status="PASS" signature="setYoutube()[pri:0, instance:com.YouTube.TestClass.TestClassYoutube@51e2adc7]" name="setYoutube" duration-ms="27232" started-at="2023-02-02T17:27:03 IST" finished-at="2023-02-02T17:27:30 IST">
          <reporter-output>
          </reporter-output>
        </test-method> <!-- setYoutube -->
      </class> <!-- com.YouTube.TestClass.TestClassYoutube -->
    </test> <!-- Default test -->
  </suite> <!-- Default suite -->
</testng-results>
